<?xml version="1.0" encoding="UTF-8"?>
<beans xmlns="http://www.springframework.org/schema/beans"
    xmlns:xsi="http://www.w3.org/2001/XMLSchema-instance"
    xmlns:jdbc="http://www.springframework.org/schema/jdbc"
    xmlns:context="http://www.springframework.org/schema/context"
    xsi:schemaLocation="http://www.springframework.org/schema/beans 
                        http://www.springframework.org/schema/beans/spring-beans.xsd
                        http://www.springframework.org/schema/jdbc
                        http://www.springframework.org/schema/jdbc/spring-jdbc.xsd
                        http://www.springframework.org/schema/context
                        http://www.springframework.org/schema/context/spring-context.xsd"
    >
    
    <import resource="application-context.xml" />
    
<!--     
    access problems
    <jdbc:initialize-database data-source="dataSource" >
        <jdbc:script location="test_booking_schema.sql" />
    </jdbc:initialize-database>  
-->
    
    <alias name="testDataSource" alias="dataSource"/>
    <bean id="testDataSource" parent="applicationDataSource" 
            destroy-method="close">
        <property name="url" value="${test.jdbc.url}" />
    </bean>

</beans>